  [1m[36m (5.4ms)[0m  [1mCREATE TABLE "schema_migrations" ("version" varchar NOT NULL) [0m
  [1m[35m (0.1ms)[0m  select sqlite_version(*)
  [1m[36m (1.6ms)[0m  [1mCREATE UNIQUE INDEX "unique_schema_migrations" ON "schema_migrations" ("version")[0m
  [1m[35mActiveRecord::SchemaMigration Load (0.1ms)[0m  SELECT "schema_migrations".* FROM "schema_migrations"
Migrating to DeviseCreateUsers (20150310133520)
  [1m[36m (0.1ms)[0m  [1mbegin transaction[0m
DEPRECATION WARNING: `#timestamp` was called without specifying an option for `null`. In Rails 5, this behavior will change to `null: false`. You should manually specify `null: true` to prevent the behavior of your existing migrations from changing. (called from block in change at /Users/josemarquez/Desktop/soa9/db/migrate/20150310133520_devise_create_users.rb:34)
  [1m[35m (0.5ms)[0m  CREATE TABLE "users" ("id" INTEGER PRIMARY KEY AUTOINCREMENT NOT NULL, "email" varchar DEFAULT '' NOT NULL, "encrypted_password" varchar DEFAULT '' NOT NULL, "reset_password_token" varchar, "reset_password_sent_at" datetime, "remember_created_at" datetime, "sign_in_count" integer DEFAULT 0 NOT NULL, "current_sign_in_at" datetime, "last_sign_in_at" datetime, "current_sign_in_ip" varchar, "last_sign_in_ip" varchar, "created_at" datetime, "updated_at" datetime) 
  [1m[36m (0.3ms)[0m  [1mCREATE UNIQUE INDEX "index_users_on_email" ON "users" ("email")[0m
  [1m[35m (0.1ms)[0m              SELECT sql
            FROM sqlite_master
            WHERE name='index_users_on_email' AND type='index'
            UNION ALL
            SELECT sql
            FROM sqlite_temp_master
            WHERE name='index_users_on_email' AND type='index'

  [1m[36m (0.1ms)[0m  [1mCREATE UNIQUE INDEX "index_users_on_reset_password_token" ON "users" ("reset_password_token")[0m
  [1m[35mSQL (0.2ms)[0m  INSERT INTO "schema_migrations" ("version") VALUES (?)  [["version", "20150310133520"]]
  [1m[36m (1.7ms)[0m  [1mcommit transaction[0m
Migrating to AddUsernameToUsers (20150310141137)
  [1m[35m (0.1ms)[0m  begin transaction
  [1m[36m (0.6ms)[0m  [1mALTER TABLE "users" ADD "username" varchar[0m
  [1m[35mSQL (0.2ms)[0m  INSERT INTO "schema_migrations" ("version") VALUES (?)  [["version", "20150310141137"]]
  [1m[36m (1.7ms)[0m  [1mcommit transaction[0m
Migrating to AddHandleToUsers (20150310141154)
  [1m[35m (0.1ms)[0m  begin transaction
  [1m[36m (0.3ms)[0m  [1mALTER TABLE "users" ADD "handle" varchar[0m
  [1m[35mSQL (0.1ms)[0m  INSERT INTO "schema_migrations" ("version") VALUES (?)  [["version", "20150310141154"]]
  [1m[36m (1.5ms)[0m  [1mcommit transaction[0m
Migrating to AddMobileNumberToUsers (20150310141209)
  [1m[35m (0.1ms)[0m  begin transaction
  [1m[36m (0.3ms)[0m  [1mALTER TABLE "users" ADD "mobile_number" varchar[0m
  [1m[35mSQL (0.1ms)[0m  INSERT INTO "schema_migrations" ("version") VALUES (?)  [["version", "20150310141209"]]
  [1m[36m (1.2ms)[0m  [1mcommit transaction[0m
Migrating to CreateCreatures (20150310172619)
  [1m[35m (0.1ms)[0m  begin transaction
  [1m[36m (0.3ms)[0m  [1mCREATE TABLE "creatures" ("id" INTEGER PRIMARY KEY AUTOINCREMENT NOT NULL, "name" varchar, "element_type" varchar, "description" varchar, "created_at" datetime NOT NULL, "updated_at" datetime NOT NULL) [0m
  [1m[35mSQL (0.1ms)[0m  INSERT INTO "schema_migrations" ("version") VALUES (?)  [["version", "20150310172619"]]
  [1m[36m (10.3ms)[0m  [1mcommit transaction[0m
Migrating to CreateUserCreatures (20150310183748)
  [1m[35m (0.1ms)[0m  begin transaction
  [1m[36m (0.5ms)[0m  [1mCREATE TABLE "user_creatures" ("id" INTEGER PRIMARY KEY AUTOINCREMENT NOT NULL, "user_id" integer, "creature_id" integer, "nickname" varchar, "created_at" datetime NOT NULL, "updated_at" datetime NOT NULL) [0m
  [1m[35mSQL (0.1ms)[0m  INSERT INTO "schema_migrations" ("version") VALUES (?)  [["version", "20150310183748"]]
  [1m[36m (1.8ms)[0m  [1mcommit transaction[0m
Migrating to CreateLocations (20150312114637)
  [1m[35m (0.2ms)[0m  begin transaction
  [1m[36m (0.7ms)[0m  [1mCREATE TABLE "locations" ("id" INTEGER PRIMARY KEY AUTOINCREMENT NOT NULL, "name" varchar, "gps_coordinate" integer, "created_at" datetime NOT NULL, "updated_at" datetime NOT NULL) [0m
  [1m[35mSQL (0.2ms)[0m  INSERT INTO "schema_migrations" ("version") VALUES (?)  [["version", "20150312114637"]]
  [1m[36m (1.8ms)[0m  [1mcommit transaction[0m
Migrating to CreateMoves (20150312134728)
  [1m[35m (0.1ms)[0m  begin transaction
  [1m[36m (0.3ms)[0m  [1mCREATE TABLE "moves" ("id" INTEGER PRIMARY KEY AUTOINCREMENT NOT NULL, "name" varchar, "max_number" integer, "type" varchar, "created_at" datetime NOT NULL, "updated_at" datetime NOT NULL) [0m
  [1m[35mSQL (0.1ms)[0m  INSERT INTO "schema_migrations" ("version") VALUES (?)  [["version", "20150312134728"]]
  [1m[36m (1.9ms)[0m  [1mcommit transaction[0m
Migrating to CreateUsercreaturemoves (20150312134812)
  [1m[35m (0.1ms)[0m  begin transaction
  [1m[36m (0.3ms)[0m  [1mCREATE TABLE "usercreaturemoves" ("id" INTEGER PRIMARY KEY AUTOINCREMENT NOT NULL, "user_creature_id" integer, "move_id" integer, "max_number" integer, "experience_points" integer, "created_at" datetime NOT NULL, "updated_at" datetime NOT NULL) [0m
  [1m[35mSQL (0.1ms)[0m  INSERT INTO "schema_migrations" ("version") VALUES (?)  [["version", "20150312134812"]]
  [1m[36m (2.2ms)[0m  [1mcommit transaction[0m
Migrating to CreateCreatureLocations (20150312135030)
  [1m[35m (0.1ms)[0m  begin transaction
  [1m[36m (0.4ms)[0m  [1mCREATE TABLE "creature_locations" ("id" INTEGER PRIMARY KEY AUTOINCREMENT NOT NULL, "location_id" integer, "creature_id" integer, "created_at" datetime NOT NULL, "updated_at" datetime NOT NULL) [0m
  [1m[35mSQL (0.1ms)[0m  INSERT INTO "schema_migrations" ("version") VALUES (?)  [["version", "20150312135030"]]
  [1m[36m (1.5ms)[0m  [1mcommit transaction[0m
Migrating to CreateUserCreatureMoves (20150312135145)
  [1m[35m (0.1ms)[0m  begin transaction
  [1m[36m (0.5ms)[0m  [1mCREATE TABLE "user_creature_moves" ("id" INTEGER PRIMARY KEY AUTOINCREMENT NOT NULL, "user_creature_id" integer, "move_id" integer, "max_number" integer, "experience_points" integer, "created_at" datetime NOT NULL, "updated_at" datetime NOT NULL) [0m
  [1m[35mSQL (0.1ms)[0m  INSERT INTO "schema_migrations" ("version") VALUES (?)  [["version", "20150312135145"]]
  [1m[36m (1.4ms)[0m  [1mcommit transaction[0m
Migrating to AddHpToUsercreatures (20150312135545)
  [1m[35m (0.1ms)[0m  begin transaction
  [1m[36m (0.3ms)[0m  [1mALTER TABLE "user_creatures" ADD "hp" integer[0m
  [1m[35mSQL (0.1ms)[0m  INSERT INTO "schema_migrations" ("version") VALUES (?)  [["version", "20150312135545"]]
  [1m[36m (1.1ms)[0m  [1mcommit transaction[0m
Migrating to Changecolumninlocations (20150317092211)
  [1m[35m (0.1ms)[0m  begin transaction
  [1m[36m (0.4ms)[0m  [1mCREATE TEMPORARY TABLE "alocations" ("id" INTEGER PRIMARY KEY AUTOINCREMENT NOT NULL, "name" varchar, "gps_coordinate" integer, "created_at" datetime NOT NULL, "updated_at" datetime NOT NULL) [0m
  [1m[35m (0.1ms)[0m  SELECT * FROM "locations"
  [1m[36m (0.3ms)[0m  [1mDROP TABLE "locations"[0m
  [1m[35m (0.2ms)[0m  CREATE TABLE "locations" ("id" INTEGER PRIMARY KEY AUTOINCREMENT NOT NULL, "name" varchar, "gps_coordinate" varchar, "created_at" datetime NOT NULL, "updated_at" datetime NOT NULL) 
  [1m[36m (0.1ms)[0m  [1mSELECT * FROM "alocations"[0m
  [1m[35m (0.4ms)[0m  DROP TABLE "alocations"
  [1m[36mSQL (0.2ms)[0m  [1mINSERT INTO "schema_migrations" ("version") VALUES (?)[0m  [["version", "20150317092211"]]
  [1m[35m (2.3ms)[0m  commit transaction
  [1m[36mActiveRecord::SchemaMigration Load (0.1ms)[0m  [1mSELECT "schema_migrations".* FROM "schema_migrations"[0m
  [1m[35m (0.1ms)[0m              SELECT sql
            FROM sqlite_master
            WHERE name='index_users_on_reset_password_token' AND type='index'
            UNION ALL
            SELECT sql
            FROM sqlite_temp_master
            WHERE name='index_users_on_reset_password_token' AND type='index'

  [1m[36m (0.1ms)[0m  [1m            SELECT sql
            FROM sqlite_master
            WHERE name='index_users_on_email' AND type='index'
            UNION ALL
            SELECT sql
            FROM sqlite_temp_master
            WHERE name='index_users_on_email' AND type='index'
[0m
  [1m[36mActiveRecord::SchemaMigration Load (0.8ms)[0m  [1mSELECT "schema_migrations".* FROM "schema_migrations"[0m
Migrating to CreateTrades (20150325085556)
  [1m[35m (0.1ms)[0m  begin transaction
  [1m[36m (16.0ms)[0m  [1mCREATE TABLE "trades" ("id" INTEGER PRIMARY KEY AUTOINCREMENT NOT NULL, "user_id_a" integer, "user_id_b" integer, "creature_a" integer, "creature_b" integer, "created_at" datetime NOT NULL, "updated_at" datetime NOT NULL) [0m
  [1m[35mSQL (0.3ms)[0m  INSERT INTO "schema_migrations" ("version") VALUES (?)  [["version", "20150325085556"]]
  [1m[36m (10.2ms)[0m  [1mcommit transaction[0m
  [1m[35mActiveRecord::SchemaMigration Load (0.1ms)[0m  SELECT "schema_migrations".* FROM "schema_migrations"
  [1m[36m (0.2ms)[0m  [1m            SELECT sql
            FROM sqlite_master
            WHERE name='index_users_on_reset_password_token' AND type='index'
            UNION ALL
            SELECT sql
            FROM sqlite_temp_master
            WHERE name='index_users_on_reset_password_token' AND type='index'
[0m
  [1m[35m (0.1ms)[0m              SELECT sql
            FROM sqlite_master
            WHERE name='index_users_on_email' AND type='index'
            UNION ALL
            SELECT sql
            FROM sqlite_temp_master
            WHERE name='index_users_on_email' AND type='index'



Started GET "/trades" for ::1 at 2015-03-25 17:11:05 +0800
  [1m[36mActiveRecord::SchemaMigration Load (0.6ms)[0m  [1mSELECT "schema_migrations".* FROM "schema_migrations"[0m
Processing by TradesController#index as HTML
Geokit is using the domain: localhost
  [1m[35mTrade Load (17.5ms)[0m  SELECT "trades".* FROM "trades"
  Rendered trades/index.html.erb within layouts/application (22.1ms)
Completed 200 OK in 35251ms (Views: 34951.4ms | ActiveRecord: 17.6ms)


Started GET "/trades/new" for ::1 at 2015-03-25 17:12:03 +0800
Processing by TradesController#new as HTML
Geokit is using the domain: localhost
  Rendered trades/new.html.erb within layouts/application (76.7ms)
Completed 500 Internal Server Error in 96ms

ActionView::Template::Error (undefined local variable or method `create_trade_path' for #<#<Class:0x007fd39efdce78>:0x007fd39efe4448>):
    1: <h1>New Trade</h1>
    2: 
    3: <%= simple_form_for(@trade, :url => create_trade_path) do |f| %>
    4:   <%= f.association :user %>
    5:   <%= f.association :creature %>
    6:   <%= f.association :user %>
  app/views/trades/new.html.erb:3:in `_app_views_trades_new_html_erb__3621622834093510575_70273441166660'
  app/controllers/trades_controller.rb:16:in `new'


  Rendered /Library/Ruby/Gems/2.0.0/gems/actionpack-4.2.0/lib/action_dispatch/middleware/templates/rescues/_source.erb (9.6ms)
  Rendered /Library/Ruby/Gems/2.0.0/gems/actionpack-4.2.0/lib/action_dispatch/middleware/templates/rescues/_trace.html.erb (4.1ms)
  Rendered /Library/Ruby/Gems/2.0.0/gems/actionpack-4.2.0/lib/action_dispatch/middleware/templates/rescues/_request_and_response.html.erb (1.0ms)
  Rendered /Library/Ruby/Gems/2.0.0/gems/actionpack-4.2.0/lib/action_dispatch/middleware/templates/rescues/template_error.html.erb within rescues/layout (35.2ms)
  Rendered /Library/Ruby/Gems/2.0.0/gems/web-console-2.1.1/lib/web_console/templates/_markup.html (0.5ms)
  Rendered /Library/Ruby/Gems/2.0.0/gems/web-console-2.1.1/lib/web_console/templates/style.css within layouts/inlined_string (0.5ms)
  Rendered /Library/Ruby/Gems/2.0.0/gems/web-console-2.1.1/lib/web_console/templates/_inner_console_markup.html within layouts/inlined_string (0.4ms)
  Rendered /Library/Ruby/Gems/2.0.0/gems/web-console-2.1.1/lib/web_console/templates/_prompt_box_markup.html within layouts/inlined_string (0.3ms)
  Rendered /Library/Ruby/Gems/2.0.0/gems/web-console-2.1.1/lib/web_console/templates/console.js within layouts/javascript (33.3ms)
  Rendered /Library/Ruby/Gems/2.0.0/gems/web-console-2.1.1/lib/web_console/templates/main.js within layouts/javascript (0.4ms)
  Rendered /Library/Ruby/Gems/2.0.0/gems/web-console-2.1.1/lib/web_console/templates/error_page.js within layouts/javascript (0.5ms)
  Rendered /Library/Ruby/Gems/2.0.0/gems/web-console-2.1.1/lib/web_console/templates/index.html (344.0ms)


Started GET "/trades/new" for ::1 at 2015-03-25 17:12:05 +0800
Processing by TradesController#new as HTML
Geokit is using the domain: localhost
  Rendered trades/new.html.erb within layouts/application (11.9ms)
Completed 500 Internal Server Error in 15ms

ActionView::Template::Error (undefined local variable or method `create_trade_path' for #<#<Class:0x007fd39efdce78>:0x007fd39d733e58>):
    1: <h1>New Trade</h1>
    2: 
    3: <%= simple_form_for(@trade, :url => create_trade_path) do |f| %>
    4:   <%= f.association :user %>
    5:   <%= f.association :creature %>
    6:   <%= f.association :user %>
  app/views/trades/new.html.erb:3:in `_app_views_trades_new_html_erb__3621622834093510575_70273428197580'
  app/controllers/trades_controller.rb:16:in `new'


  Rendered /Library/Ruby/Gems/2.0.0/gems/actionpack-4.2.0/lib/action_dispatch/middleware/templates/rescues/_source.erb (10.2ms)
  Rendered /Library/Ruby/Gems/2.0.0/gems/actionpack-4.2.0/lib/action_dispatch/middleware/templates/rescues/_trace.html.erb (49.5ms)
  Rendered /Library/Ruby/Gems/2.0.0/gems/actionpack-4.2.0/lib/action_dispatch/middleware/templates/rescues/_request_and_response.html.erb (1.0ms)
  Rendered /Library/Ruby/Gems/2.0.0/gems/actionpack-4.2.0/lib/action_dispatch/middleware/templates/rescues/template_error.html.erb within rescues/layout (73.1ms)
  Rendered /Library/Ruby/Gems/2.0.0/gems/web-console-2.1.1/lib/web_console/templates/_markup.html (0.4ms)
  Rendered /Library/Ruby/Gems/2.0.0/gems/web-console-2.1.1/lib/web_console/templates/style.css within layouts/inlined_string (0.3ms)
  Rendered /Library/Ruby/Gems/2.0.0/gems/web-console-2.1.1/lib/web_console/templates/_inner_console_markup.html within layouts/inlined_string (0.3ms)
  Rendered /Library/Ruby/Gems/2.0.0/gems/web-console-2.1.1/lib/web_console/templates/_prompt_box_markup.html within layouts/inlined_string (0.3ms)
  Rendered /Library/Ruby/Gems/2.0.0/gems/web-console-2.1.1/lib/web_console/templates/console.js within layouts/javascript (13.6ms)
  Rendered /Library/Ruby/Gems/2.0.0/gems/web-console-2.1.1/lib/web_console/templates/main.js within layouts/javascript (0.4ms)
  Rendered /Library/Ruby/Gems/2.0.0/gems/web-console-2.1.1/lib/web_console/templates/error_page.js within layouts/javascript (0.5ms)
  Rendered /Library/Ruby/Gems/2.0.0/gems/web-console-2.1.1/lib/web_console/templates/index.html (30.6ms)


Started GET "/trades" for ::1 at 2015-03-25 17:12:44 +0800
Processing by TradesController#index as HTML
Geokit is using the domain: localhost
  [1m[36mTrade Load (19.5ms)[0m  [1mSELECT "trades".* FROM "trades"[0m
  Rendered trades/index.html.erb within layouts/application (21.8ms)
Completed 200 OK in 233ms (Views: 211.9ms | ActiveRecord: 19.5ms)


Started GET "/trades/new" for ::1 at 2015-03-25 17:12:48 +0800
Processing by TradesController#new as HTML
Geokit is using the domain: localhost
  [1m[35mUser Load (16.2ms)[0m  SELECT "users".* FROM "users"
  Rendered trades/new.html.erb within layouts/application (908.3ms)
Completed 500 Internal Server Error in 912ms

ActionView::Template::Error (Association :creature not found):
    2: 
    3: <%= simple_form_for(@trade) do |f| %>
    4:   <%= f.association :user %>
    5:   <%= f.association :creature %>
    6:   <%= f.association :user %>
    7:   <%= f.association :creature %>
    8: 
  app/views/trades/new.html.erb:5:in `block in _app_views_trades_new_html_erb__3621622834093510575_70273463491560'
  app/views/trades/new.html.erb:3:in `_app_views_trades_new_html_erb__3621622834093510575_70273463491560'
  app/controllers/trades_controller.rb:16:in `new'


  Rendered /Library/Ruby/Gems/2.0.0/gems/actionpack-4.2.0/lib/action_dispatch/middleware/templates/rescues/_source.erb (11.9ms)
  Rendered /Library/Ruby/Gems/2.0.0/gems/actionpack-4.2.0/lib/action_dispatch/middleware/templates/rescues/_trace.html.erb (3.2ms)
  Rendered /Library/Ruby/Gems/2.0.0/gems/actionpack-4.2.0/lib/action_dispatch/middleware/templates/rescues/_request_and_response.html.erb (1.3ms)
  Rendered /Library/Ruby/Gems/2.0.0/gems/actionpack-4.2.0/lib/action_dispatch/middleware/templates/rescues/template_error.html.erb within rescues/layout (91.3ms)
  Rendered /Library/Ruby/Gems/2.0.0/gems/web-console-2.1.1/lib/web_console/templates/_markup.html (0.8ms)
  Rendered /Library/Ruby/Gems/2.0.0/gems/web-console-2.1.1/lib/web_console/templates/style.css within layouts/inlined_string (0.4ms)
  Rendered /Library/Ruby/Gems/2.0.0/gems/web-console-2.1.1/lib/web_console/templates/_inner_console_markup.html within layouts/inlined_string (0.4ms)
  Rendered /Library/Ruby/Gems/2.0.0/gems/web-console-2.1.1/lib/web_console/templates/_prompt_box_markup.html within layouts/inlined_string (0.5ms)
  Rendered /Library/Ruby/Gems/2.0.0/gems/web-console-2.1.1/lib/web_console/templates/console.js within layouts/javascript (17.6ms)
  Rendered /Library/Ruby/Gems/2.0.0/gems/web-console-2.1.1/lib/web_console/templates/main.js within layouts/javascript (0.6ms)
  Rendered /Library/Ruby/Gems/2.0.0/gems/web-console-2.1.1/lib/web_console/templates/error_page.js within layouts/javascript (0.4ms)
  Rendered /Library/Ruby/Gems/2.0.0/gems/web-console-2.1.1/lib/web_console/templates/index.html (56.2ms)


Started GET "/trades/new" for ::1 at 2015-03-25 17:13:03 +0800
Processing by TradesController#new as HTML
Geokit is using the domain: localhost
  [1m[36mUser Load (16.0ms)[0m  [1mSELECT "users".* FROM "users"[0m
  [1m[35mCACHE (0.0ms)[0m  SELECT "users".* FROM "users"
  Rendered trades/new.html.erb within layouts/application (26.2ms)
Completed 200 OK in 271ms (Views: 254.0ms | ActiveRecord: 16.1ms)


Started GET "/trades" for ::1 at 2015-03-25 17:13:18 +0800
Processing by TradesController#index as HTML
Geokit is using the domain: localhost
  [1m[36mTrade Load (8.7ms)[0m  [1mSELECT "trades".* FROM "trades"[0m
  Rendered trades/index.html.erb within layouts/application (10.0ms)
Completed 200 OK in 235ms (Views: 225.0ms | ActiveRecord: 8.7ms)


Started GET "/locations" for ::1 at 2015-03-25 17:13:21 +0800
Processing by LocationsController#index as HTML
Geokit is using the domain: localhost
  [1m[35mLocation Load (10.5ms)[0m  SELECT "locations".* FROM "locations"
  Rendered locations/index.html.erb within layouts/application (12.5ms)
Completed 200 OK in 286ms (Views: 251.6ms | ActiveRecord: 10.7ms)


Started GET "/users/sign_up" for ::1 at 2015-03-25 17:13:24 +0800
Processing by Devise::RegistrationsController#new as HTML
  [1m[36mUser Load (9.3ms)[0m  [1mSELECT  "users".* FROM "users" WHERE "users"."id" = ?  ORDER BY "users"."id" ASC LIMIT 1[0m  [["id", 1]]
Geokit is using the domain: localhost
  Rendered users/shared/_links.html.erb (5.5ms)
  Rendered users/registrations/new.html.erb within layouts/application (65.7ms)
Completed 200 OK in 505ms (Views: 358.5ms | ActiveRecord: 9.4ms)


Started POST "/users" for ::1 at 2015-03-25 17:13:42 +0800
Processing by Devise::RegistrationsController#create as HTML
  Parameters: {"utf8"=>"✓", "authenticity_token"=>"HPB4geL2ETj73yGZmnAHJUxglwXKoNx4tLyZ+523Lci4wwOtaxIiTOvO1AuMQqL88YTwCB/5sn3XjIEHF0HWIA==", "user"=>{"username"=>"trixieee", "password"=>"[FILTERED]", "password_confirmation"=>"[FILTERED]", "email"=>"trixie@gmail.com", "handle"=>"trixieeee", "mobile_number"=>"2349832094"}, "commit"=>"Sign up"}
Geokit is using the domain: localhost
Unpermitted parameters: handle, mobile_number
  [1m[35m (0.1ms)[0m  begin transaction
  [1m[36mSQL (11.6ms)[0m  [1mINSERT INTO "users" ("username", "email", "encrypted_password", "created_at", "updated_at") VALUES (?, ?, ?, ?, ?)[0m  [["username", "trixieee"], ["email", "trixie@gmail.com"], ["encrypted_password", "$2a$10$GpC7S5VXBlIx8nLGF1skMulRaRV6JUnXsSfJ6sva/40n0yDEh9iJu"], ["created_at", "2015-03-25 09:13:42.973873"], ["updated_at", "2015-03-25 09:13:42.973873"]]
  [1m[35m (31.4ms)[0m  commit transaction
  [1m[36m (0.1ms)[0m  [1mbegin transaction[0m
  [1m[35mSQL (0.6ms)[0m  UPDATE "users" SET "last_sign_in_at" = ?, "current_sign_in_at" = ?, "last_sign_in_ip" = ?, "current_sign_in_ip" = ?, "sign_in_count" = ?, "updated_at" = ? WHERE "users"."id" = ?  [["last_sign_in_at", "2015-03-25 09:13:43.019973"], ["current_sign_in_at", "2015-03-25 09:13:43.019973"], ["last_sign_in_ip", "::1"], ["current_sign_in_ip", "::1"], ["sign_in_count", 1], ["updated_at", "2015-03-25 09:13:43.021359"], ["id", 1]]
  [1m[36m (299.8ms)[0m  [1mcommit transaction[0m
Redirected to http://localhost:3000/
Completed 302 Found in 436ms (ActiveRecord: 343.5ms)


Started GET "/" for ::1 at 2015-03-25 17:13:43 +0800
Processing by PagesController#index as HTML
Geokit is using the domain: localhost
  [1m[35mUser Load (0.2ms)[0m  SELECT  "users".* FROM "users" WHERE "users"."id" = ?  ORDER BY "users"."id" ASC LIMIT 1  [["id", 1]]
  Rendered pages/index.html.erb within layouts/application (3.6ms)
Completed 200 OK in 259ms (Views: 257.3ms | ActiveRecord: 0.2ms)


Started GET "/users/sign_up" for ::1 at 2015-03-25 17:13:49 +0800
Processing by Devise::RegistrationsController#new as HTML
  [1m[36mUser Load (0.1ms)[0m  [1mSELECT  "users".* FROM "users" WHERE "users"."id" = ?  ORDER BY "users"."id" ASC LIMIT 1[0m  [["id", 1]]
Redirected to http://localhost:3000/
Filter chain halted as :require_no_authentication rendered or redirected
Completed 302 Found in 3ms (ActiveRecord: 0.1ms)


Started GET "/" for ::1 at 2015-03-25 17:13:49 +0800
Processing by PagesController#index as HTML
Geokit is using the domain: localhost
  [1m[35mUser Load (0.1ms)[0m  SELECT  "users".* FROM "users" WHERE "users"."id" = ?  ORDER BY "users"."id" ASC LIMIT 1  [["id", 1]]
  Rendered pages/index.html.erb within layouts/application (1.6ms)
Completed 200 OK in 195ms (Views: 193.7ms | ActiveRecord: 0.1ms)


Started DELETE "/users/sign_out" for ::1 at 2015-03-25 17:13:51 +0800
Processing by Devise::SessionsController#destroy as HTML
  Parameters: {"authenticity_token"=>"eth/L6xDHhH8ytoNl/3iiSUdH7/LhN2sXpHjLT5jDXze6wQDJactZezbL5+Bz0dQmPl4sh7ds6k9ofvRtJX2lA=="}
  [1m[36mUser Load (0.1ms)[0m  [1mSELECT  "users".* FROM "users" WHERE "users"."id" = ?  ORDER BY "users"."id" ASC LIMIT 1[0m  [["id", 1]]
Geokit is using the domain: localhost
  [1m[35m (0.1ms)[0m  begin transaction
  [1m[36m (0.0ms)[0m  [1mcommit transaction[0m
Redirected to http://localhost:3000/
Completed 302 Found in 28ms (ActiveRecord: 0.3ms)


Started GET "/" for ::1 at 2015-03-25 17:13:51 +0800
Processing by PagesController#index as HTML
Geokit is using the domain: localhost
  Rendered pages/index.html.erb within layouts/application (0.6ms)
Completed 200 OK in 206ms (Views: 204.7ms | ActiveRecord: 0.0ms)


Started GET "/users/sign_up" for ::1 at 2015-03-25 17:13:56 +0800
Processing by Devise::RegistrationsController#new as HTML
Geokit is using the domain: localhost
  Rendered users/shared/_links.html.erb (2.2ms)
  Rendered users/registrations/new.html.erb within layouts/application (7.9ms)
Completed 200 OK in 252ms (Views: 250.0ms | ActiveRecord: 0.0ms)


Started POST "/users" for ::1 at 2015-03-25 17:14:11 +0800
Processing by Devise::RegistrationsController#create as HTML
  Parameters: {"utf8"=>"✓", "authenticity_token"=>"5KKQq+G8oVla7lqYSKW5cQwTcUYdOXywt+TD6UEQQBp3RKZBhrZ4pG9n0a87HvR2s6PGpalvn617BfjA9wTTLw==", "user"=>{"username"=>"hannniieeee", "password"=>"[FILTERED]", "password_confirmation"=>"[FILTERED]", "email"=>"hanni1234@gmail.com", "handle"=>"kasjdlk", "mobile_number"=>"lskdjfk"}, "commit"=>"Sign up"}
Geokit is using the domain: localhost
Unpermitted parameters: handle, mobile_number
  [1m[35m (0.1ms)[0m  begin transaction
  [1m[36mSQL (0.3ms)[0m  [1mINSERT INTO "users" ("username", "email", "encrypted_password", "created_at", "updated_at") VALUES (?, ?, ?, ?, ?)[0m  [["username", "hannniieeee"], ["email", "hanni1234@gmail.com"], ["encrypted_password", "$2a$10$aqzMS64uUN8qKq5WQbHdAuenblUUsXosddTpU6dE7E4NjP6ljJyLW"], ["created_at", "2015-03-25 09:14:11.826169"], ["updated_at", "2015-03-25 09:14:11.826169"]]
  [1m[35m (3.7ms)[0m  commit transaction
  [1m[36m (0.1ms)[0m  [1mbegin transaction[0m
  [1m[35mSQL (0.3ms)[0m  UPDATE "users" SET "last_sign_in_at" = ?, "current_sign_in_at" = ?, "last_sign_in_ip" = ?, "current_sign_in_ip" = ?, "sign_in_count" = ?, "updated_at" = ? WHERE "users"."id" = ?  [["last_sign_in_at", "2015-03-25 09:14:11.832731"], ["current_sign_in_at", "2015-03-25 09:14:11.832731"], ["last_sign_in_ip", "::1"], ["current_sign_in_ip", "::1"], ["sign_in_count", 1], ["updated_at", "2015-03-25 09:14:11.833754"], ["id", 2]]
  [1m[36m (2.0ms)[0m  [1mcommit transaction[0m
Redirected to http://localhost:3000/
Completed 302 Found in 94ms (ActiveRecord: 6.4ms)


Started GET "/" for ::1 at 2015-03-25 17:14:11 +0800
Processing by PagesController#index as HTML
Geokit is using the domain: localhost
  [1m[35mUser Load (0.1ms)[0m  SELECT  "users".* FROM "users" WHERE "users"."id" = ?  ORDER BY "users"."id" ASC LIMIT 1  [["id", 2]]
  Rendered pages/index.html.erb within layouts/application (1.9ms)
Completed 200 OK in 260ms (Views: 258.8ms | ActiveRecord: 0.1ms)


Started GET "/trades/new" for ::1 at 2015-03-25 17:14:15 +0800
Processing by TradesController#new as HTML
Geokit is using the domain: localhost
  [1m[36mUser Load (0.2ms)[0m  [1mSELECT "users".* FROM "users"[0m
  [1m[35mCACHE (0.0ms)[0m  SELECT "users".* FROM "users"
  Rendered trades/new.html.erb within layouts/application (8.9ms)
Completed 200 OK in 257ms (Views: 255.5ms | ActiveRecord: 0.2ms)


Started GET "/trades/new" for ::1 at 2015-03-25 17:15:06 +0800
Processing by TradesController#new as HTML
Geokit is using the domain: localhost
  [1m[36mUser Load (0.2ms)[0m  [1mSELECT "users".* FROM "users"[0m
  [1m[35mCACHE (0.0ms)[0m  SELECT "users".* FROM "users"
  Rendered trades/new.html.erb within layouts/application (68.2ms)
Completed 200 OK in 301ms (Views: 275.5ms | ActiveRecord: 0.9ms)


Started GET "/trades/new" for ::1 at 2015-03-25 17:16:43 +0800
Processing by TradesController#new as HTML
Geokit is using the domain: localhost
  [1m[36mUser Load (0.2ms)[0m  [1mSELECT "users".* FROM "users"[0m
  Rendered trades/new.html.erb within layouts/application (7.8ms)
Completed 500 Internal Server Error in 11ms

ActionView::Template::Error (Association :user_creature not found):
    2: 
    3: <%= simple_form_for(@trade) do |f| %>
    4:   <%= f.association :user %>
    5:   <%= f.association :user_creature %>
    6:   <%= f.association :user %>
    7: 
    8:   <%= f.submit "Save Trade" %> <%= link_to 'Back to Trades', trades_path %>
  app/views/trades/new.html.erb:5:in `block in _app_views_trades_new_html_erb__3621622834093510575_70273462554380'
  app/views/trades/new.html.erb:3:in `_app_views_trades_new_html_erb__3621622834093510575_70273462554380'
  app/controllers/trades_controller.rb:16:in `new'


  Rendered /Library/Ruby/Gems/2.0.0/gems/actionpack-4.2.0/lib/action_dispatch/middleware/templates/rescues/_source.erb (12.1ms)
  Rendered /Library/Ruby/Gems/2.0.0/gems/actionpack-4.2.0/lib/action_dispatch/middleware/templates/rescues/_trace.html.erb (50.4ms)
  Rendered /Library/Ruby/Gems/2.0.0/gems/actionpack-4.2.0/lib/action_dispatch/middleware/templates/rescues/_request_and_response.html.erb (1.3ms)
  Rendered /Library/Ruby/Gems/2.0.0/gems/actionpack-4.2.0/lib/action_dispatch/middleware/templates/rescues/template_error.html.erb within rescues/layout (113.3ms)
  Rendered /Library/Ruby/Gems/2.0.0/gems/web-console-2.1.1/lib/web_console/templates/_markup.html (0.5ms)
  Rendered /Library/Ruby/Gems/2.0.0/gems/web-console-2.1.1/lib/web_console/templates/style.css within layouts/inlined_string (0.4ms)
  Rendered /Library/Ruby/Gems/2.0.0/gems/web-console-2.1.1/lib/web_console/templates/_inner_console_markup.html within layouts/inlined_string (0.4ms)
  Rendered /Library/Ruby/Gems/2.0.0/gems/web-console-2.1.1/lib/web_console/templates/_prompt_box_markup.html within layouts/inlined_string (0.4ms)
  Rendered /Library/Ruby/Gems/2.0.0/gems/web-console-2.1.1/lib/web_console/templates/console.js within layouts/javascript (17.3ms)
  Rendered /Library/Ruby/Gems/2.0.0/gems/web-console-2.1.1/lib/web_console/templates/main.js within layouts/javascript (0.3ms)
  Rendered /Library/Ruby/Gems/2.0.0/gems/web-console-2.1.1/lib/web_console/templates/error_page.js within layouts/javascript (0.5ms)
  Rendered /Library/Ruby/Gems/2.0.0/gems/web-console-2.1.1/lib/web_console/templates/index.html (42.7ms)


Started GET "/trades/new" for ::1 at 2015-03-25 17:18:22 +0800
Processing by TradesController#new as HTML
Geokit is using the domain: localhost
  [1m[35mUser Load (0.2ms)[0m  SELECT "users".* FROM "users"
  Rendered trades/new.html.erb within layouts/application (71.2ms)
Completed 500 Internal Server Error in 99ms

ActionView::Template::Error (uninitialized constant Trade::User Creature):
    2: 
    3: <%= simple_form_for(@trade) do |f| %>
    4:   <%= f.association :user %>
    5:   <%= f.association :user_creature %>
    6:   <%= f.association :user %>
    7: 
    8:   <%= f.submit "Save Trade" %> <%= link_to 'Back to Trades', trades_path %>
  app/views/trades/new.html.erb:5:in `block in _app_views_trades_new_html_erb__3621622834093510575_70273462554380'
  app/views/trades/new.html.erb:3:in `_app_views_trades_new_html_erb__3621622834093510575_70273462554380'
  app/controllers/trades_controller.rb:16:in `new'


  Rendered /Library/Ruby/Gems/2.0.0/gems/actionpack-4.2.0/lib/action_dispatch/middleware/templates/rescues/_source.erb (9.2ms)
  Rendered /Library/Ruby/Gems/2.0.0/gems/actionpack-4.2.0/lib/action_dispatch/middleware/templates/rescues/_trace.html.erb (3.2ms)
  Rendered /Library/Ruby/Gems/2.0.0/gems/actionpack-4.2.0/lib/action_dispatch/middleware/templates/rescues/_request_and_response.html.erb (0.9ms)
  Rendered /Library/Ruby/Gems/2.0.0/gems/actionpack-4.2.0/lib/action_dispatch/middleware/templates/rescues/template_error.html.erb within rescues/layout (25.2ms)
  Rendered /Library/Ruby/Gems/2.0.0/gems/web-console-2.1.1/lib/web_console/templates/_markup.html (0.4ms)
  Rendered /Library/Ruby/Gems/2.0.0/gems/web-console-2.1.1/lib/web_console/templates/style.css within layouts/inlined_string (0.3ms)
  Rendered /Library/Ruby/Gems/2.0.0/gems/web-console-2.1.1/lib/web_console/templates/_inner_console_markup.html within layouts/inlined_string (0.3ms)
  Rendered /Library/Ruby/Gems/2.0.0/gems/web-console-2.1.1/lib/web_console/templates/_prompt_box_markup.html within layouts/inlined_string (0.4ms)
  Rendered /Library/Ruby/Gems/2.0.0/gems/web-console-2.1.1/lib/web_console/templates/console.js within layouts/javascript (14.1ms)
  Rendered /Library/Ruby/Gems/2.0.0/gems/web-console-2.1.1/lib/web_console/templates/main.js within layouts/javascript (0.3ms)
  Rendered /Library/Ruby/Gems/2.0.0/gems/web-console-2.1.1/lib/web_console/templates/error_page.js within layouts/javascript (0.4ms)
  Rendered /Library/Ruby/Gems/2.0.0/gems/web-console-2.1.1/lib/web_console/templates/index.html (30.3ms)


Started GET "/trades" for ::1 at 2015-03-25 17:18:43 +0800
Processing by TradesController#index as HTML
Geokit is using the domain: localhost
  [1m[36mTrade Load (9.4ms)[0m  [1mSELECT "trades".* FROM "trades"[0m
  Rendered trades/index.html.erb within layouts/application (10.5ms)
Completed 200 OK in 328ms (Views: 317.1ms | ActiveRecord: 9.4ms)


Started GET "/trades/new" for ::1 at 2015-03-25 17:18:45 +0800
Processing by TradesController#new as HTML
Geokit is using the domain: localhost
  [1m[35mUser Load (0.2ms)[0m  SELECT "users".* FROM "users"
  Rendered trades/new.html.erb within layouts/application (9.6ms)
Completed 500 Internal Server Error in 68ms

ActionView::Template::Error (uninitialized constant Trade::User Creature):
    2: 
    3: <%= simple_form_for(@trade) do |f| %>
    4:   <%= f.association :user %>
    5:   <%= f.association :user_creature %>
    6:   <%= f.association :user %>
    7: 
    8:   <%= f.submit "Save Trade" %> <%= link_to 'Back to Trades', trades_path %>
  app/views/trades/new.html.erb:5:in `block in _app_views_trades_new_html_erb__3621622834093510575_70273427410500'
  app/views/trades/new.html.erb:3:in `_app_views_trades_new_html_erb__3621622834093510575_70273427410500'
  app/controllers/trades_controller.rb:16:in `new'


  Rendered /Library/Ruby/Gems/2.0.0/gems/actionpack-4.2.0/lib/action_dispatch/middleware/templates/rescues/_source.erb (9.3ms)
  Rendered /Library/Ruby/Gems/2.0.0/gems/actionpack-4.2.0/lib/action_dispatch/middleware/templates/rescues/_trace.html.erb (4.2ms)
  Rendered /Library/Ruby/Gems/2.0.0/gems/actionpack-4.2.0/lib/action_dispatch/middleware/templates/rescues/_request_and_response.html.erb (1.1ms)
  Rendered /Library/Ruby/Gems/2.0.0/gems/actionpack-4.2.0/lib/action_dispatch/middleware/templates/rescues/template_error.html.erb within rescues/layout (56.6ms)
  Rendered /Library/Ruby/Gems/2.0.0/gems/web-console-2.1.1/lib/web_console/templates/_markup.html (39.7ms)
  Rendered /Library/Ruby/Gems/2.0.0/gems/web-console-2.1.1/lib/web_console/templates/style.css within layouts/inlined_string (0.4ms)
  Rendered /Library/Ruby/Gems/2.0.0/gems/web-console-2.1.1/lib/web_console/templates/_inner_console_markup.html within layouts/inlined_string (0.4ms)
  Rendered /Library/Ruby/Gems/2.0.0/gems/web-console-2.1.1/lib/web_console/templates/_prompt_box_markup.html within layouts/inlined_string (0.6ms)
  Rendered /Library/Ruby/Gems/2.0.0/gems/web-console-2.1.1/lib/web_console/templates/console.js within layouts/javascript (20.3ms)
  Rendered /Library/Ruby/Gems/2.0.0/gems/web-console-2.1.1/lib/web_console/templates/main.js within layouts/javascript (0.4ms)
  Rendered /Library/Ruby/Gems/2.0.0/gems/web-console-2.1.1/lib/web_console/templates/error_page.js within layouts/javascript (0.8ms)
  Rendered /Library/Ruby/Gems/2.0.0/gems/web-console-2.1.1/lib/web_console/templates/index.html (93.9ms)


Started GET "/trades/new" for ::1 at 2015-03-25 17:18:46 +0800
Processing by TradesController#new as HTML
Geokit is using the domain: localhost
  [1m[36mUser Load (0.2ms)[0m  [1mSELECT "users".* FROM "users"[0m
  Rendered trades/new.html.erb within layouts/application (58.7ms)
Completed 500 Internal Server Error in 62ms

ActionView::Template::Error (uninitialized constant Trade::User Creature):
    2: 
    3: <%= simple_form_for(@trade) do |f| %>
    4:   <%= f.association :user %>
    5:   <%= f.association :user_creature %>
    6:   <%= f.association :user %>
    7: 
    8:   <%= f.submit "Save Trade" %> <%= link_to 'Back to Trades', trades_path %>
  app/views/trades/new.html.erb:5:in `block in _app_views_trades_new_html_erb__3621622834093510575_70273462554380'
  app/views/trades/new.html.erb:3:in `_app_views_trades_new_html_erb__3621622834093510575_70273462554380'
  app/controllers/trades_controller.rb:16:in `new'


  Rendered /Library/Ruby/Gems/2.0.0/gems/actionpack-4.2.0/lib/action_dispatch/middleware/templates/rescues/_source.erb (10.3ms)
  Rendered /Library/Ruby/Gems/2.0.0/gems/actionpack-4.2.0/lib/action_dispatch/middleware/templates/rescues/_trace.html.erb (4.5ms)
  Rendered /Library/Ruby/Gems/2.0.0/gems/actionpack-4.2.0/lib/action_dispatch/middleware/templates/rescues/_request_and_response.html.erb (1.1ms)
  Rendered /Library/Ruby/Gems/2.0.0/gems/actionpack-4.2.0/lib/action_dispatch/middleware/templates/rescues/template_error.html.erb within rescues/layout (40.9ms)
  Rendered /Library/Ruby/Gems/2.0.0/gems/web-console-2.1.1/lib/web_console/templates/_markup.html (0.3ms)
  Rendered /Library/Ruby/Gems/2.0.0/gems/web-console-2.1.1/lib/web_console/templates/style.css within layouts/inlined_string (0.3ms)
  Rendered /Library/Ruby/Gems/2.0.0/gems/web-console-2.1.1/lib/web_console/templates/_inner_console_markup.html within layouts/inlined_string (0.4ms)
  Rendered /Library/Ruby/Gems/2.0.0/gems/web-console-2.1.1/lib/web_console/templates/_prompt_box_markup.html within layouts/inlined_string (0.4ms)
  Rendered /Library/Ruby/Gems/2.0.0/gems/web-console-2.1.1/lib/web_console/templates/console.js within layouts/javascript (15.1ms)
  Rendered /Library/Ruby/Gems/2.0.0/gems/web-console-2.1.1/lib/web_console/templates/main.js within layouts/javascript (0.3ms)
  Rendered /Library/Ruby/Gems/2.0.0/gems/web-console-2.1.1/lib/web_console/templates/error_page.js within layouts/javascript (0.4ms)
  Rendered /Library/Ruby/Gems/2.0.0/gems/web-console-2.1.1/lib/web_console/templates/index.html (30.3ms)


Started GET "/trades/new" for ::1 at 2015-03-25 17:21:56 +0800
Processing by TradesController#new as HTML
Geokit is using the domain: localhost
  [1m[35mUser Load (0.2ms)[0m  SELECT "users".* FROM "users"
  Rendered trades/new.html.erb within layouts/application (21.8ms)
Completed 500 Internal Server Error in 56ms

ActionView::Template::Error (uninitialized constant Trade::User Creature):
    2: 
    3: <%= simple_form_for(@trade) do |f| %>
    4:   <%= f.association :user %>
    5:   <%= f.association :user_creature %>
    6:   <%= f.association :user %>
    7: 
    8:   <%= f.submit "Save Trade" %> <%= link_to 'Back to Trades', trades_path %>
  app/views/trades/new.html.erb:5:in `block in _app_views_trades_new_html_erb__3621622834093510575_70273462554380'
  app/views/trades/new.html.erb:3:in `_app_views_trades_new_html_erb__3621622834093510575_70273462554380'
  app/controllers/trades_controller.rb:16:in `new'


  Rendered /Library/Ruby/Gems/2.0.0/gems/actionpack-4.2.0/lib/action_dispatch/middleware/templates/rescues/_source.erb (10.2ms)
  Rendered /Library/Ruby/Gems/2.0.0/gems/actionpack-4.2.0/lib/action_dispatch/middleware/templates/rescues/_trace.html.erb (3.8ms)
  Rendered /Library/Ruby/Gems/2.0.0/gems/actionpack-4.2.0/lib/action_dispatch/middleware/templates/rescues/_request_and_response.html.erb (1.4ms)
  Rendered /Library/Ruby/Gems/2.0.0/gems/actionpack-4.2.0/lib/action_dispatch/middleware/templates/rescues/template_error.html.erb within rescues/layout (90.9ms)
  Rendered /Library/Ruby/Gems/2.0.0/gems/web-console-2.1.1/lib/web_console/templates/_markup.html (0.5ms)
  Rendered /Library/Ruby/Gems/2.0.0/gems/web-console-2.1.1/lib/web_console/templates/style.css within layouts/inlined_string (0.5ms)
  Rendered /Library/Ruby/Gems/2.0.0/gems/web-console-2.1.1/lib/web_console/templates/_inner_console_markup.html within layouts/inlined_string (0.4ms)
  Rendered /Library/Ruby/Gems/2.0.0/gems/web-console-2.1.1/lib/web_console/templates/_prompt_box_markup.html within layouts/inlined_string (0.4ms)
  Rendered /Library/Ruby/Gems/2.0.0/gems/web-console-2.1.1/lib/web_console/templates/console.js within layouts/javascript (18.4ms)
  Rendered /Library/Ruby/Gems/2.0.0/gems/web-console-2.1.1/lib/web_console/templates/main.js within layouts/javascript (48.3ms)
  Rendered /Library/Ruby/Gems/2.0.0/gems/web-console-2.1.1/lib/web_console/templates/error_page.js within layouts/javascript (0.5ms)
  Rendered /Library/Ruby/Gems/2.0.0/gems/web-console-2.1.1/lib/web_console/templates/index.html (103.3ms)


Started GET "/trades" for ::1 at 2015-03-25 17:26:04 +0800
Processing by TradesController#index as HTML
Geokit is using the domain: localhost
  [1m[36mTrade Load (15.2ms)[0m  [1mSELECT "trades".* FROM "trades"[0m
  Rendered trades/index.html.erb within layouts/application (17.5ms)
Completed 200 OK in 393ms (Views: 354.4ms | ActiveRecord: 15.3ms)


Started GET "/trades" for ::1 at 2015-03-25 17:26:04 +0800
Processing by TradesController#index as HTML
Geokit is using the domain: localhost
  [1m[35mTrade Load (0.1ms)[0m  SELECT "trades".* FROM "trades"
  Rendered trades/index.html.erb within layouts/application (0.9ms)
Completed 200 OK in 279ms (Views: 277.6ms | ActiveRecord: 0.1ms)


Started GET "/trades/new" for ::1 at 2015-03-25 17:26:10 +0800
Processing by TradesController#new as HTML
Geokit is using the domain: localhost
  [1m[36mUser Load (0.2ms)[0m  [1mSELECT "users".* FROM "users"[0m
  Rendered trades/new.html.erb within layouts/application (24.0ms)
Completed 500 Internal Server Error in 100ms

ActionView::Template::Error (uninitialized constant Trade::User Creature):
    2: 
    3: <%= simple_form_for(@trade) do |f| %>
    4:   <%= f.association :user %>
    5:   <%= f.association :user_creature %>
    6:   <%= f.association :user %>
    7: 
    8:   <%= f.submit "Save Trade" %> <%= link_to 'Back to Trades', trades_path %>
  app/views/trades/new.html.erb:5:in `block in _app_views_trades_new_html_erb__3621622834093510575_70273427410500'
  app/views/trades/new.html.erb:3:in `_app_views_trades_new_html_erb__3621622834093510575_70273427410500'
  app/controllers/trades_controller.rb:16:in `new'


  Rendered /Library/Ruby/Gems/2.0.0/gems/actionpack-4.2.0/lib/action_dispatch/middleware/templates/rescues/_source.erb (10.5ms)
  Rendered /Library/Ruby/Gems/2.0.0/gems/actionpack-4.2.0/lib/action_dispatch/middleware/templates/rescues/_trace.html.erb (3.3ms)
  Rendered /Library/Ruby/Gems/2.0.0/gems/actionpack-4.2.0/lib/action_dispatch/middleware/templates/rescues/_request_and_response.html.erb (0.9ms)
  Rendered /Library/Ruby/Gems/2.0.0/gems/actionpack-4.2.0/lib/action_dispatch/middleware/templates/rescues/template_error.html.erb within rescues/layout (40.2ms)
  Rendered /Library/Ruby/Gems/2.0.0/gems/web-console-2.1.1/lib/web_console/templates/_markup.html (0.5ms)
  Rendered /Library/Ruby/Gems/2.0.0/gems/web-console-2.1.1/lib/web_console/templates/style.css within layouts/inlined_string (0.4ms)
  Rendered /Library/Ruby/Gems/2.0.0/gems/web-console-2.1.1/lib/web_console/templates/_inner_console_markup.html within layouts/inlined_string (0.5ms)
  Rendered /Library/Ruby/Gems/2.0.0/gems/web-console-2.1.1/lib/web_console/templates/_prompt_box_markup.html within layouts/inlined_string (0.4ms)
  Rendered /Library/Ruby/Gems/2.0.0/gems/web-console-2.1.1/lib/web_console/templates/console.js within layouts/javascript (135.0ms)
  Rendered /Library/Ruby/Gems/2.0.0/gems/web-console-2.1.1/lib/web_console/templates/main.js within layouts/javascript (0.4ms)
  Rendered /Library/Ruby/Gems/2.0.0/gems/web-console-2.1.1/lib/web_console/templates/error_page.js within layouts/javascript (0.5ms)
  Rendered /Library/Ruby/Gems/2.0.0/gems/web-console-2.1.1/lib/web_console/templates/index.html (162.4ms)


Started GET "/trades/new" for ::1 at 2015-03-25 17:26:11 +0800
Processing by TradesController#new as HTML
Geokit is using the domain: localhost
  [1m[35mUser Load (0.2ms)[0m  SELECT "users".* FROM "users"
  Rendered trades/new.html.erb within layouts/application (60.5ms)
Completed 500 Internal Server Error in 64ms

ActionView::Template::Error (uninitialized constant Trade::User Creature):
    2: 
    3: <%= simple_form_for(@trade) do |f| %>
    4:   <%= f.association :user %>
    5:   <%= f.association :user_creature %>
    6:   <%= f.association :user %>
    7: 
    8:   <%= f.submit "Save Trade" %> <%= link_to 'Back to Trades', trades_path %>
  app/views/trades/new.html.erb:5:in `block in _app_views_trades_new_html_erb__3621622834093510575_70273462554380'
  app/views/trades/new.html.erb:3:in `_app_views_trades_new_html_erb__3621622834093510575_70273462554380'
  app/controllers/trades_controller.rb:16:in `new'


  Rendered /Library/Ruby/Gems/2.0.0/gems/actionpack-4.2.0/lib/action_dispatch/middleware/templates/rescues/_source.erb (10.0ms)
  Rendered /Library/Ruby/Gems/2.0.0/gems/actionpack-4.2.0/lib/action_dispatch/middleware/templates/rescues/_trace.html.erb (3.2ms)
  Rendered /Library/Ruby/Gems/2.0.0/gems/actionpack-4.2.0/lib/action_dispatch/middleware/templates/rescues/_request_and_response.html.erb (0.9ms)
  Rendered /Library/Ruby/Gems/2.0.0/gems/actionpack-4.2.0/lib/action_dispatch/middleware/templates/rescues/template_error.html.erb within rescues/layout (25.9ms)
  Rendered /Library/Ruby/Gems/2.0.0/gems/web-console-2.1.1/lib/web_console/templates/_markup.html (0.4ms)
  Rendered /Library/Ruby/Gems/2.0.0/gems/web-console-2.1.1/lib/web_console/templates/style.css within layouts/inlined_string (0.5ms)
  Rendered /Library/Ruby/Gems/2.0.0/gems/web-console-2.1.1/lib/web_console/templates/_inner_console_markup.html within layouts/inlined_string (0.4ms)
  Rendered /Library/Ruby/Gems/2.0.0/gems/web-console-2.1.1/lib/web_console/templates/_prompt_box_markup.html within layouts/inlined_string (0.4ms)
  Rendered /Library/Ruby/Gems/2.0.0/gems/web-console-2.1.1/lib/web_console/templates/console.js within layouts/javascript (15.5ms)
  Rendered /Library/Ruby/Gems/2.0.0/gems/web-console-2.1.1/lib/web_console/templates/main.js within layouts/javascript (0.4ms)
  Rendered /Library/Ruby/Gems/2.0.0/gems/web-console-2.1.1/lib/web_console/templates/error_page.js within layouts/javascript (0.5ms)
  Rendered /Library/Ruby/Gems/2.0.0/gems/web-console-2.1.1/lib/web_console/templates/index.html (35.4ms)


Started GET "/trades/new" for ::1 at 2015-03-25 17:27:54 +0800
Processing by TradesController#new as HTML
Geokit is using the domain: localhost
  [1m[36mUser Load (0.2ms)[0m  [1mSELECT "users".* FROM "users"[0m
  Rendered trades/new.html.erb within layouts/application (9.6ms)
Completed 500 Internal Server Error in 13ms

ActionView::Template::Error (uninitialized constant Trade::User Creature):
    2: 
    3: <%= simple_form_for(@trade) do |f| %>
    4:   <%= f.association :user %>
    5:   <%= f.association :user_creature %>
    6:   <%= f.association :user %>
    7: 
    8:   <%= f.submit "Save Trade" %> <%= link_to 'Back to Trades', trades_path %>
  app/views/trades/new.html.erb:5:in `block in _app_views_trades_new_html_erb__3621622834093510575_70273462554380'
  app/views/trades/new.html.erb:3:in `_app_views_trades_new_html_erb__3621622834093510575_70273462554380'
  app/controllers/trades_controller.rb:16:in `new'


  Rendered /Library/Ruby/Gems/2.0.0/gems/actionpack-4.2.0/lib/action_dispatch/middleware/templates/rescues/_source.erb (11.0ms)
  Rendered /Library/Ruby/Gems/2.0.0/gems/actionpack-4.2.0/lib/action_dispatch/middleware/templates/rescues/_trace.html.erb (3.5ms)
  Rendered /Library/Ruby/Gems/2.0.0/gems/actionpack-4.2.0/lib/action_dispatch/middleware/templates/rescues/_request_and_response.html.erb (1.0ms)
  Rendered /Library/Ruby/Gems/2.0.0/gems/actionpack-4.2.0/lib/action_dispatch/middleware/templates/rescues/template_error.html.erb within rescues/layout (27.7ms)
  Rendered /Library/Ruby/Gems/2.0.0/gems/web-console-2.1.1/lib/web_console/templates/_markup.html (0.4ms)
  Rendered /Library/Ruby/Gems/2.0.0/gems/web-console-2.1.1/lib/web_console/templates/style.css within layouts/inlined_string (0.3ms)
  Rendered /Library/Ruby/Gems/2.0.0/gems/web-console-2.1.1/lib/web_console/templates/_inner_console_markup.html within layouts/inlined_string (0.3ms)
  Rendered /Library/Ruby/Gems/2.0.0/gems/web-console-2.1.1/lib/web_console/templates/_prompt_box_markup.html within layouts/inlined_string (0.3ms)
  Rendered /Library/Ruby/Gems/2.0.0/gems/web-console-2.1.1/lib/web_console/templates/console.js within layouts/javascript (13.9ms)
  Rendered /Library/Ruby/Gems/2.0.0/gems/web-console-2.1.1/lib/web_console/templates/main.js within layouts/javascript (0.4ms)
  Rendered /Library/Ruby/Gems/2.0.0/gems/web-console-2.1.1/lib/web_console/templates/error_page.js within layouts/javascript (0.6ms)
  Rendered /Library/Ruby/Gems/2.0.0/gems/web-console-2.1.1/lib/web_console/templates/index.html (32.2ms)


Started GET "/trades" for ::1 at 2015-03-25 17:27:57 +0800
Processing by TradesController#index as HTML
Geokit is using the domain: localhost
  [1m[35mTrade Load (0.1ms)[0m  SELECT "trades".* FROM "trades"
  Rendered trades/index.html.erb within layouts/application (1.6ms)
Completed 200 OK in 241ms (Views: 239.3ms | ActiveRecord: 0.1ms)


Started GET "/trades/new" for ::1 at 2015-03-25 17:28:01 +0800
Processing by TradesController#new as HTML
Geokit is using the domain: localhost
  [1m[36mUser Load (0.2ms)[0m  [1mSELECT "users".* FROM "users"[0m
  Rendered trades/new.html.erb within layouts/application (9.0ms)
Completed 500 Internal Server Error in 12ms

ActionView::Template::Error (uninitialized constant Trade::User Creature):
    2: 
    3: <%= simple_form_for(@trade) do |f| %>
    4:   <%= f.association :user %>
    5:   <%= f.association :user_creature %>
    6:   <%= f.association :user %>
    7: 
    8:   <%= f.submit "Save Trade" %> <%= link_to 'Back to Trades', trades_path %>
  app/views/trades/new.html.erb:5:in `block in _app_views_trades_new_html_erb__3621622834093510575_70273427410500'
  app/views/trades/new.html.erb:3:in `_app_views_trades_new_html_erb__3621622834093510575_70273427410500'
  app/controllers/trades_controller.rb:16:in `new'


  Rendered /Library/Ruby/Gems/2.0.0/gems/actionpack-4.2.0/lib/action_dispatch/middleware/templates/rescues/_source.erb (9.0ms)
  Rendered /Library/Ruby/Gems/2.0.0/gems/actionpack-4.2.0/lib/action_dispatch/middleware/templates/rescues/_trace.html.erb (3.2ms)
  Rendered /Library/Ruby/Gems/2.0.0/gems/actionpack-4.2.0/lib/action_dispatch/middleware/templates/rescues/_request_and_response.html.erb (0.9ms)
  Rendered /Library/Ruby/Gems/2.0.0/gems/actionpack-4.2.0/lib/action_dispatch/middleware/templates/rescues/template_error.html.erb within rescues/layout (24.1ms)
  Rendered /Library/Ruby/Gems/2.0.0/gems/web-console-2.1.1/lib/web_console/templates/_markup.html (0.3ms)
  Rendered /Library/Ruby/Gems/2.0.0/gems/web-console-2.1.1/lib/web_console/templates/style.css within layouts/inlined_string (0.3ms)
  Rendered /Library/Ruby/Gems/2.0.0/gems/web-console-2.1.1/lib/web_console/templates/_inner_console_markup.html within layouts/inlined_string (0.3ms)
  Rendered /Library/Ruby/Gems/2.0.0/gems/web-console-2.1.1/lib/web_console/templates/_prompt_box_markup.html within layouts/inlined_string (0.3ms)
  Rendered /Library/Ruby/Gems/2.0.0/gems/web-console-2.1.1/lib/web_console/templates/console.js within layouts/javascript (12.7ms)
  Rendered /Library/Ruby/Gems/2.0.0/gems/web-console-2.1.1/lib/web_console/templates/main.js within layouts/javascript (0.4ms)
  Rendered /Library/Ruby/Gems/2.0.0/gems/web-console-2.1.1/lib/web_console/templates/error_page.js within layouts/javascript (0.7ms)
  Rendered /Library/Ruby/Gems/2.0.0/gems/web-console-2.1.1/lib/web_console/templates/index.html (31.9ms)


Started GET "/trades/new" for ::1 at 2015-03-25 17:28:02 +0800
Processing by TradesController#new as HTML
Geokit is using the domain: localhost
  [1m[35mUser Load (0.2ms)[0m  SELECT "users".* FROM "users"
  Rendered trades/new.html.erb within layouts/application (7.8ms)
Completed 500 Internal Server Error in 12ms

ActionView::Template::Error (uninitialized constant Trade::User Creature):
    2: 
    3: <%= simple_form_for(@trade) do |f| %>
    4:   <%= f.association :user %>
    5:   <%= f.association :user_creature %>
    6:   <%= f.association :user %>
    7: 
    8:   <%= f.submit "Save Trade" %> <%= link_to 'Back to Trades', trades_path %>
  app/views/trades/new.html.erb:5:in `block in _app_views_trades_new_html_erb__3621622834093510575_70273462554380'
  app/views/trades/new.html.erb:3:in `_app_views_trades_new_html_erb__3621622834093510575_70273462554380'
  app/controllers/trades_controller.rb:16:in `new'


  Rendered /Library/Ruby/Gems/2.0.0/gems/actionpack-4.2.0/lib/action_dispatch/middleware/templates/rescues/_source.erb (10.5ms)
  Rendered /Library/Ruby/Gems/2.0.0/gems/actionpack-4.2.0/lib/action_dispatch/middleware/templates/rescues/_trace.html.erb (3.5ms)
  Rendered /Library/Ruby/Gems/2.0.0/gems/actionpack-4.2.0/lib/action_dispatch/middleware/templates/rescues/_request_and_response.html.erb (1.0ms)
  Rendered /Library/Ruby/Gems/2.0.0/gems/actionpack-4.2.0/lib/action_dispatch/middleware/templates/rescues/template_error.html.erb within rescues/layout (27.2ms)
  Rendered /Library/Ruby/Gems/2.0.0/gems/web-console-2.1.1/lib/web_console/templates/_markup.html (0.4ms)
  Rendered /Library/Ruby/Gems/2.0.0/gems/web-console-2.1.1/lib/web_console/templates/style.css within layouts/inlined_string (0.3ms)
  Rendered /Library/Ruby/Gems/2.0.0/gems/web-console-2.1.1/lib/web_console/templates/_inner_console_markup.html within layouts/inlined_string (0.3ms)
  Rendered /Library/Ruby/Gems/2.0.0/gems/web-console-2.1.1/lib/web_console/templates/_prompt_box_markup.html within layouts/inlined_string (0.4ms)
  Rendered /Library/Ruby/Gems/2.0.0/gems/web-console-2.1.1/lib/web_console/templates/console.js within layouts/javascript (13.9ms)
  Rendered /Library/Ruby/Gems/2.0.0/gems/web-console-2.1.1/lib/web_console/templates/main.js within layouts/javascript (0.4ms)
  Rendered /Library/Ruby/Gems/2.0.0/gems/web-console-2.1.1/lib/web_console/templates/error_page.js within layouts/javascript (0.4ms)
  Rendered /Library/Ruby/Gems/2.0.0/gems/web-console-2.1.1/lib/web_console/templates/index.html (84.7ms)


Started GET "/trades/new" for ::1 at 2015-03-25 17:28:32 +0800
Processing by TradesController#new as HTML
Geokit is using the domain: localhost
  [1m[36mUser Load (0.2ms)[0m  [1mSELECT "users".* FROM "users"[0m
  Rendered trades/new.html.erb within layouts/application (9.3ms)
Completed 500 Internal Server Error in 12ms

ActionView::Template::Error (uninitialized constant Trade::User Creature):
    2: 
    3: <%= simple_form_for(@trade) do |f| %>
    4:   <%= f.association :user %>
    5:   <%= f.association :user_creature %>
    6:   <%= f.association :user %>
    7: 
    8:   <%= f.submit "Save Trade" %> <%= link_to 'Back to Trades', trades_path %>
  app/views/trades/new.html.erb:5:in `block in _app_views_trades_new_html_erb__3621622834093510575_70273462554380'
  app/views/trades/new.html.erb:3:in `_app_views_trades_new_html_erb__3621622834093510575_70273462554380'
  app/controllers/trades_controller.rb:16:in `new'


  Rendered /Library/Ruby/Gems/2.0.0/gems/actionpack-4.2.0/lib/action_dispatch/middleware/templates/rescues/_source.erb (9.5ms)
  Rendered /Library/Ruby/Gems/2.0.0/gems/actionpack-4.2.0/lib/action_dispatch/middleware/templates/rescues/_trace.html.erb (3.3ms)
  Rendered /Library/Ruby/Gems/2.0.0/gems/actionpack-4.2.0/lib/action_dispatch/middleware/templates/rescues/_request_and_response.html.erb (1.1ms)
  Rendered /Library/Ruby/Gems/2.0.0/gems/actionpack-4.2.0/lib/action_dispatch/middleware/templates/rescues/template_error.html.erb within rescues/layout (25.8ms)
  Rendered /Library/Ruby/Gems/2.0.0/gems/web-console-2.1.1/lib/web_console/templates/_markup.html (0.4ms)
  Rendered /Library/Ruby/Gems/2.0.0/gems/web-console-2.1.1/lib/web_console/templates/style.css within layouts/inlined_string (0.3ms)
  Rendered /Library/Ruby/Gems/2.0.0/gems/web-console-2.1.1/lib/web_console/templates/_inner_console_markup.html within layouts/inlined_string (0.3ms)
  Rendered /Library/Ruby/Gems/2.0.0/gems/web-console-2.1.1/lib/web_console/templates/_prompt_box_markup.html within layouts/inlined_string (0.6ms)
  Rendered /Library/Ruby/Gems/2.0.0/gems/web-console-2.1.1/lib/web_console/templates/console.js within layouts/javascript (14.7ms)
  Rendered /Library/Ruby/Gems/2.0.0/gems/web-console-2.1.1/lib/web_console/templates/main.js within layouts/javascript (0.4ms)
  Rendered /Library/Ruby/Gems/2.0.0/gems/web-console-2.1.1/lib/web_console/templates/error_page.js within layouts/javascript (0.5ms)
  Rendered /Library/Ruby/Gems/2.0.0/gems/web-console-2.1.1/lib/web_console/templates/index.html (32.5ms)


Started GET "/trades/new" for ::1 at 2015-03-25 17:29:03 +0800
Processing by TradesController#new as HTML
Geokit is using the domain: localhost
  [1m[35mUser Load (0.2ms)[0m  SELECT "users".* FROM "users"
  [1m[36mCACHE (0.0ms)[0m  [1mSELECT "users".* FROM "users"[0m
  Rendered trades/new.html.erb within layouts/application (7.9ms)
Completed 200 OK in 366ms (Views: 365.1ms | ActiveRecord: 0.2ms)


Started GET "/trades/new" for ::1 at 2015-03-25 17:29:45 +0800
Processing by TradesController#new as HTML
Geokit is using the domain: localhost
  [1m[35mUser Load (0.2ms)[0m  SELECT "users".* FROM "users"
  [1m[36mCACHE (0.0ms)[0m  [1mSELECT "users".* FROM "users"[0m
  Rendered trades/new.html.erb within layouts/application (9.3ms)
Completed 200 OK in 352ms (Views: 350.5ms | ActiveRecord: 0.2ms)
